2018-02-23 13:33:49 Error: [Cake\View\Exception\MissingHelperException] Helper class accueilHelper could not be found.
Exception Attributes: array (
  'class' => 'accueilHelper',
  'plugin' => NULL,
)
Request URL: /
Stack Trace:
#0 C:\wamp64\www\projetSIO\vendor\cakephp\cakephp\src\Core\ObjectRegistry.php(94): Cake\View\HelperRegistry->_throwMissingClassError('accueil', NULL)
#1 C:\wamp64\www\projetSIO\vendor\cakephp\cakephp\src\View\HelperRegistry.php(67): Cake\Core\ObjectRegistry->load('accueil')
#2 C:\wamp64\www\projetSIO\vendor\cakephp\cakephp\src\View\View.php(1087): Cake\View\HelperRegistry->__isset('accueil')
#3 C:\wamp64\www\projetSIO\src\Template\Pages\accueil.ctp(28): Cake\View\View->__get('accueil')
#4 C:\wamp64\www\projetSIO\vendor\cakephp\cakephp\src\View\View.php(1196): include('C:\\wamp64\\www\\p...')
#5 C:\wamp64\www\projetSIO\vendor\cakephp\cakephp\src\View\View.php(1157): Cake\View\View->_evaluate('C:\\wamp64\\www\\p...', Array)
#6 C:\wamp64\www\projetSIO\vendor\cakephp\cakephp\src\View\View.php(765): Cake\View\View->_render('C:\\wamp64\\www\\p...')
#7 C:\wamp64\www\projetSIO\vendor\cakephp\cakephp\src\Controller\Controller.php(623): Cake\View\View->render('accueil', NULL)
#8 C:\wamp64\www\projetSIO\src\Controller\PagesController.php(61): Cake\Controller\Controller->render('accueil')
#9 C:\wamp64\www\projetSIO\vendor\cakephp\cakephp\src\Controller\Controller.php(440): App\Controller\PagesController->display('accueil')
#10 C:\wamp64\www\projetSIO\vendor\cakephp\cakephp\src\Http\ActionDispatcher.php(119): Cake\Controller\Controller->invokeAction()
#11 C:\wamp64\www\projetSIO\vendor\cakephp\cakephp\src\Http\ActionDispatcher.php(93): Cake\Http\ActionDispatcher->_invoke(Object(App\Controller\PagesController))
#12 C:\wamp64\www\projetSIO\vendor\cakephp\cakephp\src\Http\BaseApplication.php(108): Cake\Http\ActionDispatcher->dispatch(Object(Cake\Http\ServerRequest), Object(Cake\Http\Response))
#13 C:\wamp64\www\projetSIO\vendor\cakephp\cakephp\src\Http\Runner.php(65): Cake\Http\BaseApplication->__invoke(Object(Cake\Http\ServerRequest), Object(Cake\Http\Response), Object(Cake\Http\Runner))
#14 C:\wamp64\www\projetSIO\vendor\cakephp\cakephp\src\Routing\Middleware\RoutingMiddleware.php(104): Cake\Http\Runner->__invoke(Object(Cake\Http\ServerRequest), Object(Cake\Http\Response))
#15 C:\wamp64\www\projetSIO\vendor\cakephp\cakephp\src\Http\Runner.php(65): Cake\Routing\Middleware\RoutingMiddleware->__invoke(Object(Cake\Http\ServerRequest), Object(Cake\Http\Response), Object(Cake\Http\Runner))
#16 C:\wamp64\www\projetSIO\vendor\cakephp\cakephp\src\Routing\Middleware\AssetMiddleware.php(88): Cake\Http\Runner->__invoke(Object(Cake\Http\ServerRequest), Object(Cake\Http\Response))
#17 C:\wamp64\www\projetSIO\vendor\cakephp\cakephp\src\Http\Runner.php(65): Cake\Routing\Middleware\AssetMiddleware->__invoke(Object(Cake\Http\ServerRequest), Object(Cake\Http\Response), Object(Cake\Http\Runner))
#18 C:\wamp64\www\projetSIO\vendor\cakephp\cakephp\src\Error\Middleware\ErrorHandlerMiddleware.php(98): Cake\Http\Runner->__invoke(Object(Cake\Http\ServerRequest), Object(Cake\Http\Response))
#19 C:\wamp64\www\projetSIO\vendor\cakephp\cakephp\src\Http\Runner.php(65): Cake\Error\Middleware\ErrorHandlerMiddleware->__invoke(Object(Cake\Http\ServerRequest), Object(Cake\Http\Response), Object(Cake\Http\Runner))
#20 C:\wamp64\www\projetSIO\vendor\cakephp\debug_kit\src\Middleware\DebugKitMiddleware.php(52): Cake\Http\Runner->__invoke(Object(Cake\Http\ServerRequest), Object(Cake\Http\Response))
#21 C:\wamp64\www\projetSIO\vendor\cakephp\cakephp\src\Http\Runner.php(65): DebugKit\Middleware\DebugKitMiddleware->__invoke(Object(Cake\Http\ServerRequest), Object(Cake\Http\Response), Object(Cake\Http\Runner))
#22 C:\wamp64\www\projetSIO\vendor\cakephp\cakephp\src\Http\Runner.php(51): Cake\Http\Runner->__invoke(Object(Cake\Http\ServerRequest), Object(Cake\Http\Response))
#23 C:\wamp64\www\projetSIO\vendor\cakephp\cakephp\src\Http\Server.php(81): Cake\Http\Runner->run(Object(Cake\Http\MiddlewareQueue), Object(Cake\Http\ServerRequest), Object(Cake\Http\Response))
#24 C:\wamp64\www\projetSIO\webroot\index.php(40): Cake\Http\Server->run()
#25 {main}


2018-02-23 13:36:15 Error: [Cake\Routing\Exception\MissingControllerException] Controller class Modules could not be found.
Exception Attributes: array (
  'class' => 'Modules',
  'plugin' => false,
  'prefix' => false,
  '_ext' => false,
)
Request URL: /modules
Referer URL: http://127.0.0.1/projetSIO/
Stack Trace:
#0 C:\wamp64\www\projetSIO\vendor\cakephp\cakephp\src\Http\ControllerFactory.php(38): Cake\Http\ControllerFactory->missingController(Object(Cake\Http\ServerRequest))
#1 C:\wamp64\www\projetSIO\vendor\cakephp\cakephp\src\Http\ActionDispatcher.php(90): Cake\Http\ControllerFactory->create(Object(Cake\Http\ServerRequest), Object(Cake\Http\Response))
#2 C:\wamp64\www\projetSIO\vendor\cakephp\cakephp\src\Http\BaseApplication.php(108): Cake\Http\ActionDispatcher->dispatch(Object(Cake\Http\ServerRequest), Object(Cake\Http\Response))
#3 C:\wamp64\www\projetSIO\vendor\cakephp\cakephp\src\Http\Runner.php(65): Cake\Http\BaseApplication->__invoke(Object(Cake\Http\ServerRequest), Object(Cake\Http\Response), Object(Cake\Http\Runner))
#4 C:\wamp64\www\projetSIO\vendor\cakephp\cakephp\src\Routing\Middleware\RoutingMiddleware.php(104): Cake\Http\Runner->__invoke(Object(Cake\Http\ServerRequest), Object(Cake\Http\Response))
#5 C:\wamp64\www\projetSIO\vendor\cakephp\cakephp\src\Http\Runner.php(65): Cake\Routing\Middleware\RoutingMiddleware->__invoke(Object(Cake\Http\ServerRequest), Object(Cake\Http\Response), Object(Cake\Http\Runner))
#6 C:\wamp64\www\projetSIO\vendor\cakephp\cakephp\src\Routing\Middleware\AssetMiddleware.php(88): Cake\Http\Runner->__invoke(Object(Cake\Http\ServerRequest), Object(Cake\Http\Response))
#7 C:\wamp64\www\projetSIO\vendor\cakephp\cakephp\src\Http\Runner.php(65): Cake\Routing\Middleware\AssetMiddleware->__invoke(Object(Cake\Http\ServerRequest), Object(Cake\Http\Response), Object(Cake\Http\Runner))
#8 C:\wamp64\www\projetSIO\vendor\cakephp\cakephp\src\Error\Middleware\ErrorHandlerMiddleware.php(98): Cake\Http\Runner->__invoke(Object(Cake\Http\ServerRequest), Object(Cake\Http\Response))
#9 C:\wamp64\www\projetSIO\vendor\cakephp\cakephp\src\Http\Runner.php(65): Cake\Error\Middleware\ErrorHandlerMiddleware->__invoke(Object(Cake\Http\ServerRequest), Object(Cake\Http\Response), Object(Cake\Http\Runner))
#10 C:\wamp64\www\projetSIO\vendor\cakephp\debug_kit\src\Middleware\DebugKitMiddleware.php(52): Cake\Http\Runner->__invoke(Object(Cake\Http\ServerRequest), Object(Cake\Http\Response))
#11 C:\wamp64\www\projetSIO\vendor\cakephp\cakephp\src\Http\Runner.php(65): DebugKit\Middleware\DebugKitMiddleware->__invoke(Object(Cake\Http\ServerRequest), Object(Cake\Http\Response), Object(Cake\Http\Runner))
#12 C:\wamp64\www\projetSIO\vendor\cakephp\cakephp\src\Http\Runner.php(51): Cake\Http\Runner->__invoke(Object(Cake\Http\ServerRequest), Object(Cake\Http\Response))
#13 C:\wamp64\www\projetSIO\vendor\cakephp\cakephp\src\Http\Server.php(81): Cake\Http\Runner->run(Object(Cake\Http\MiddlewareQueue), Object(Cake\Http\ServerRequest), Object(Cake\Http\Response))
#14 C:\wamp64\www\projetSIO\webroot\index.php(40): Cake\Http\Server->run()
#15 {main}


2018-02-23 13:50:03 Error: [Cake\Routing\Exception\MissingControllerException] Controller class Group could not be found.
Exception Attributes: array (
  'class' => 'Group',
  'plugin' => false,
  'prefix' => false,
  '_ext' => false,
)
Request URL: /group
Stack Trace:
#0 C:\wamp64\www\projetSIO\vendor\cakephp\cakephp\src\Http\ControllerFactory.php(38): Cake\Http\ControllerFactory->missingController(Object(Cake\Http\ServerRequest))
#1 C:\wamp64\www\projetSIO\vendor\cakephp\cakephp\src\Http\ActionDispatcher.php(90): Cake\Http\ControllerFactory->create(Object(Cake\Http\ServerRequest), Object(Cake\Http\Response))
#2 C:\wamp64\www\projetSIO\vendor\cakephp\cakephp\src\Http\BaseApplication.php(108): Cake\Http\ActionDispatcher->dispatch(Object(Cake\Http\ServerRequest), Object(Cake\Http\Response))
#3 C:\wamp64\www\projetSIO\vendor\cakephp\cakephp\src\Http\Runner.php(65): Cake\Http\BaseApplication->__invoke(Object(Cake\Http\ServerRequest), Object(Cake\Http\Response), Object(Cake\Http\Runner))
#4 C:\wamp64\www\projetSIO\vendor\cakephp\cakephp\src\Routing\Middleware\RoutingMiddleware.php(104): Cake\Http\Runner->__invoke(Object(Cake\Http\ServerRequest), Object(Cake\Http\Response))
#5 C:\wamp64\www\projetSIO\vendor\cakephp\cakephp\src\Http\Runner.php(65): Cake\Routing\Middleware\RoutingMiddleware->__invoke(Object(Cake\Http\ServerRequest), Object(Cake\Http\Response), Object(Cake\Http\Runner))
#6 C:\wamp64\www\projetSIO\vendor\cakephp\cakephp\src\Routing\Middleware\AssetMiddleware.php(88): Cake\Http\Runner->__invoke(Object(Cake\Http\ServerRequest), Object(Cake\Http\Response))
#7 C:\wamp64\www\projetSIO\vendor\cakephp\cakephp\src\Http\Runner.php(65): Cake\Routing\Middleware\AssetMiddleware->__invoke(Object(Cake\Http\ServerRequest), Object(Cake\Http\Response), Object(Cake\Http\Runner))
#8 C:\wamp64\www\projetSIO\vendor\cakephp\cakephp\src\Error\Middleware\ErrorHandlerMiddleware.php(98): Cake\Http\Runner->__invoke(Object(Cake\Http\ServerRequest), Object(Cake\Http\Response))
#9 C:\wamp64\www\projetSIO\vendor\cakephp\cakephp\src\Http\Runner.php(65): Cake\Error\Middleware\ErrorHandlerMiddleware->__invoke(Object(Cake\Http\ServerRequest), Object(Cake\Http\Response), Object(Cake\Http\Runner))
#10 C:\wamp64\www\projetSIO\vendor\cakephp\debug_kit\src\Middleware\DebugKitMiddleware.php(52): Cake\Http\Runner->__invoke(Object(Cake\Http\ServerRequest), Object(Cake\Http\Response))
#11 C:\wamp64\www\projetSIO\vendor\cakephp\cakephp\src\Http\Runner.php(65): DebugKit\Middleware\DebugKitMiddleware->__invoke(Object(Cake\Http\ServerRequest), Object(Cake\Http\Response), Object(Cake\Http\Runner))
#12 C:\wamp64\www\projetSIO\vendor\cakephp\cakephp\src\Http\Runner.php(51): Cake\Http\Runner->__invoke(Object(Cake\Http\ServerRequest), Object(Cake\Http\Response))
#13 C:\wamp64\www\projetSIO\vendor\cakephp\cakephp\src\Http\Server.php(81): Cake\Http\Runner->run(Object(Cake\Http\MiddlewareQueue), Object(Cake\Http\ServerRequest), Object(Cake\Http\Response))
#14 C:\wamp64\www\projetSIO\webroot\index.php(40): Cake\Http\Server->run()
#15 {main}


2018-02-27 11:16:00 Error: [PDOException] SQLSTATE[HY000]: General error: 11 database disk image is malformed in C:\wamp64\www\projetSIO\vendor\cakephp\cakephp\src\Database\Statement\StatementDecorator.php on line 174
Request URL: /
Stack Trace:
#0 C:\wamp64\www\projetSIO\vendor\cakephp\cakephp\src\Database\Statement\StatementDecorator.php(174): PDOStatement->execute(NULL)
#1 C:\wamp64\www\projetSIO\vendor\cakephp\cakephp\src\Database\Statement\StatementDecorator.php(174): Cake\Database\Statement\StatementDecorator->execute(NULL)
#2 C:\wamp64\www\projetSIO\vendor\cakephp\cakephp\src\Database\Statement\BufferedStatement.php(76): Cake\Database\Statement\StatementDecorator->execute(NULL)
#3 C:\wamp64\www\projetSIO\vendor\cakephp\cakephp\src\Database\Statement\SqliteStatement.php(41): Cake\Database\Statement\BufferedStatement->execute(NULL)
#4 C:\wamp64\www\projetSIO\vendor\cakephp\cakephp\src\Database\Connection.php(315): Cake\Database\Statement\SqliteStatement->execute()
#5 C:\wamp64\www\projetSIO\vendor\cakephp\cakephp\src\Database\Query.php(214): Cake\Database\Connection->run(Object(Cake\ORM\Query))
#6 C:\wamp64\www\projetSIO\vendor\cakephp\cakephp\src\ORM\Table.php(1929): Cake\Database\Query->execute()
#7 C:\wamp64\www\projetSIO\vendor\cakephp\cakephp\src\ORM\Table.php(1823): Cake\ORM\Table->_insert(Object(DebugKit\Model\Entity\Request), Array)
#8 C:\wamp64\www\projetSIO\vendor\cakephp\cakephp\src\ORM\Table.php(1736): Cake\ORM\Table->_processSave(Object(DebugKit\Model\Entity\Request), Object(ArrayObject))
#9 C:\wamp64\www\projetSIO\vendor\cakephp\cakephp\src\ORM\Table.php(1459): Cake\ORM\Table->Cake\ORM\{closure}()
#10 C:\wamp64\www\projetSIO\vendor\cakephp\cakephp\src\Database\Connection.php(682): Cake\ORM\Table->Cake\ORM\{closure}(Object(Cake\Database\Connection))
#11 C:\wamp64\www\projetSIO\vendor\cakephp\cakephp\src\ORM\Table.php(1460): Cake\Database\Connection->transactional(Object(Closure))
#12 C:\wamp64\www\projetSIO\vendor\cakephp\cakephp\src\ORM\Table.php(1737): Cake\ORM\Table->_executeTransaction(Object(Closure), true)
#13 C:\wamp64\www\projetSIO\vendor\cakephp\debug_kit\src\ToolbarService.php(206): Cake\ORM\Table->save(Object(DebugKit\Model\Entity\Request))
#14 C:\wamp64\www\projetSIO\vendor\cakephp\debug_kit\src\Middleware\DebugKitMiddleware.php(53): DebugKit\ToolbarService->saveData(Object(Cake\Http\ServerRequest), Object(Cake\Http\Response))
#15 C:\wamp64\www\projetSIO\vendor\cakephp\cakephp\src\Http\Runner.php(65): DebugKit\Middleware\DebugKitMiddleware->__invoke(Object(Cake\Http\ServerRequest), Object(Cake\Http\Response), Object(Cake\Http\Runner))
#16 C:\wamp64\www\projetSIO\vendor\cakephp\cakephp\src\Http\Runner.php(51): Cake\Http\Runner->__invoke(Object(Cake\Http\ServerRequest), Object(Cake\Http\Response))
#17 C:\wamp64\www\projetSIO\vendor\cakephp\cakephp\src\Http\Server.php(81): Cake\Http\Runner->run(Object(Cake\Http\MiddlewareQueue), Object(Cake\Http\ServerRequest), Object(Cake\Http\Response))
#18 C:\wamp64\www\projetSIO\webroot\index.php(40): Cake\Http\Server->run()
#19 {main}


2018-02-27 11:17:17 Error: [PDOException] SQLSTATE[HY000]: General error: 11 database disk image is malformed in C:\wamp64\www\projetSIO\vendor\cakephp\cakephp\src\Database\Statement\StatementDecorator.php on line 174
Request URL: /
Stack Trace:
#0 C:\wamp64\www\projetSIO\vendor\cakephp\cakephp\src\Database\Statement\StatementDecorator.php(174): PDOStatement->execute(NULL)
#1 C:\wamp64\www\projetSIO\vendor\cakephp\cakephp\src\Database\Statement\StatementDecorator.php(174): Cake\Database\Statement\StatementDecorator->execute(NULL)
#2 C:\wamp64\www\projetSIO\vendor\cakephp\cakephp\src\Database\Statement\BufferedStatement.php(76): Cake\Database\Statement\StatementDecorator->execute(NULL)
#3 C:\wamp64\www\projetSIO\vendor\cakephp\cakephp\src\Database\Statement\SqliteStatement.php(41): Cake\Database\Statement\BufferedStatement->execute(NULL)
#4 C:\wamp64\www\projetSIO\vendor\cakephp\cakephp\src\Database\Connection.php(315): Cake\Database\Statement\SqliteStatement->execute()
#5 C:\wamp64\www\projetSIO\vendor\cakephp\cakephp\src\Database\Query.php(214): Cake\Database\Connection->run(Object(Cake\ORM\Query))
#6 C:\wamp64\www\projetSIO\vendor\cakephp\cakephp\src\ORM\Table.php(1929): Cake\Database\Query->execute()
#7 C:\wamp64\www\projetSIO\vendor\cakephp\cakephp\src\ORM\Table.php(1823): Cake\ORM\Table->_insert(Object(DebugKit\Model\Entity\Request), Array)
#8 C:\wamp64\www\projetSIO\vendor\cakephp\cakephp\src\ORM\Table.php(1736): Cake\ORM\Table->_processSave(Object(DebugKit\Model\Entity\Request), Object(ArrayObject))
#9 C:\wamp64\www\projetSIO\vendor\cakephp\cakephp\src\ORM\Table.php(1459): Cake\ORM\Table->Cake\ORM\{closure}()
#10 C:\wamp64\www\projetSIO\vendor\cakephp\cakephp\src\Database\Connection.php(682): Cake\ORM\Table->Cake\ORM\{closure}(Object(Cake\Database\Connection))
#11 C:\wamp64\www\projetSIO\vendor\cakephp\cakephp\src\ORM\Table.php(1460): Cake\Database\Connection->transactional(Object(Closure))
#12 C:\wamp64\www\projetSIO\vendor\cakephp\cakephp\src\ORM\Table.php(1737): Cake\ORM\Table->_executeTransaction(Object(Closure), true)
#13 C:\wamp64\www\projetSIO\vendor\cakephp\debug_kit\src\ToolbarService.php(206): Cake\ORM\Table->save(Object(DebugKit\Model\Entity\Request))
#14 C:\wamp64\www\projetSIO\vendor\cakephp\debug_kit\src\Middleware\DebugKitMiddleware.php(53): DebugKit\ToolbarService->saveData(Object(Cake\Http\ServerRequest), Object(Cake\Http\Response))
#15 C:\wamp64\www\projetSIO\vendor\cakephp\cakephp\src\Http\Runner.php(65): DebugKit\Middleware\DebugKitMiddleware->__invoke(Object(Cake\Http\ServerRequest), Object(Cake\Http\Response), Object(Cake\Http\Runner))
#16 C:\wamp64\www\projetSIO\vendor\cakephp\cakephp\src\Http\Runner.php(51): Cake\Http\Runner->__invoke(Object(Cake\Http\ServerRequest), Object(Cake\Http\Response))
#17 C:\wamp64\www\projetSIO\vendor\cakephp\cakephp\src\Http\Server.php(81): Cake\Http\Runner->run(Object(Cake\Http\MiddlewareQueue), Object(Cake\Http\ServerRequest), Object(Cake\Http\Response))
#18 C:\wamp64\www\projetSIO\webroot\index.php(40): Cake\Http\Server->run()
#19 {main}


2018-02-27 11:17:19 Error: [PDOException] SQLSTATE[HY000]: General error: 11 database disk image is malformed in C:\wamp64\www\projetSIO\vendor\cakephp\cakephp\src\Database\Statement\StatementDecorator.php on line 174
Request URL: /
Stack Trace:
#0 C:\wamp64\www\projetSIO\vendor\cakephp\cakephp\src\Database\Statement\StatementDecorator.php(174): PDOStatement->execute(NULL)
#1 C:\wamp64\www\projetSIO\vendor\cakephp\cakephp\src\Database\Statement\StatementDecorator.php(174): Cake\Database\Statement\StatementDecorator->execute(NULL)
#2 C:\wamp64\www\projetSIO\vendor\cakephp\cakephp\src\Database\Statement\BufferedStatement.php(76): Cake\Database\Statement\StatementDecorator->execute(NULL)
#3 C:\wamp64\www\projetSIO\vendor\cakephp\cakephp\src\Database\Statement\SqliteStatement.php(41): Cake\Database\Statement\BufferedStatement->execute(NULL)
#4 C:\wamp64\www\projetSIO\vendor\cakephp\cakephp\src\Database\Connection.php(315): Cake\Database\Statement\SqliteStatement->execute()
#5 C:\wamp64\www\projetSIO\vendor\cakephp\cakephp\src\Database\Query.php(214): Cake\Database\Connection->run(Object(Cake\ORM\Query))
#6 C:\wamp64\www\projetSIO\vendor\cakephp\cakephp\src\ORM\Table.php(1929): Cake\Database\Query->execute()
#7 C:\wamp64\www\projetSIO\vendor\cakephp\cakephp\src\ORM\Table.php(1823): Cake\ORM\Table->_insert(Object(DebugKit\Model\Entity\Request), Array)
#8 C:\wamp64\www\projetSIO\vendor\cakephp\cakephp\src\ORM\Table.php(1736): Cake\ORM\Table->_processSave(Object(DebugKit\Model\Entity\Request), Object(ArrayObject))
#9 C:\wamp64\www\projetSIO\vendor\cakephp\cakephp\src\ORM\Table.php(1459): Cake\ORM\Table->Cake\ORM\{closure}()
#10 C:\wamp64\www\projetSIO\vendor\cakephp\cakephp\src\Database\Connection.php(682): Cake\ORM\Table->Cake\ORM\{closure}(Object(Cake\Database\Connection))
#11 C:\wamp64\www\projetSIO\vendor\cakephp\cakephp\src\ORM\Table.php(1460): Cake\Database\Connection->transactional(Object(Closure))
#12 C:\wamp64\www\projetSIO\vendor\cakephp\cakephp\src\ORM\Table.php(1737): Cake\ORM\Table->_executeTransaction(Object(Closure), true)
#13 C:\wamp64\www\projetSIO\vendor\cakephp\debug_kit\src\ToolbarService.php(206): Cake\ORM\Table->save(Object(DebugKit\Model\Entity\Request))
#14 C:\wamp64\www\projetSIO\vendor\cakephp\debug_kit\src\Middleware\DebugKitMiddleware.php(53): DebugKit\ToolbarService->saveData(Object(Cake\Http\ServerRequest), Object(Cake\Http\Response))
#15 C:\wamp64\www\projetSIO\vendor\cakephp\cakephp\src\Http\Runner.php(65): DebugKit\Middleware\DebugKitMiddleware->__invoke(Object(Cake\Http\ServerRequest), Object(Cake\Http\Response), Object(Cake\Http\Runner))
#16 C:\wamp64\www\projetSIO\vendor\cakephp\cakephp\src\Http\Runner.php(51): Cake\Http\Runner->__invoke(Object(Cake\Http\ServerRequest), Object(Cake\Http\Response))
#17 C:\wamp64\www\projetSIO\vendor\cakephp\cakephp\src\Http\Server.php(81): Cake\Http\Runner->run(Object(Cake\Http\MiddlewareQueue), Object(Cake\Http\ServerRequest), Object(Cake\Http\Response))
#18 C:\wamp64\www\projetSIO\webroot\index.php(40): Cake\Http\Server->run()
#19 {main}


2018-02-27 11:24:48 Error: [PDOException] SQLSTATE[HY000]: General error: 11 database disk image is malformed in C:\wamp64\www\projetSIO\vendor\cakephp\cakephp\src\Database\Statement\StatementDecorator.php on line 174
Request URL: /
Stack Trace:
#0 C:\wamp64\www\projetSIO\vendor\cakephp\cakephp\src\Database\Statement\StatementDecorator.php(174): PDOStatement->execute(NULL)
#1 C:\wamp64\www\projetSIO\vendor\cakephp\cakephp\src\Database\Statement\StatementDecorator.php(174): Cake\Database\Statement\StatementDecorator->execute(NULL)
#2 C:\wamp64\www\projetSIO\vendor\cakephp\cakephp\src\Database\Statement\BufferedStatement.php(76): Cake\Database\Statement\StatementDecorator->execute(NULL)
#3 C:\wamp64\www\projetSIO\vendor\cakephp\cakephp\src\Database\Statement\SqliteStatement.php(41): Cake\Database\Statement\BufferedStatement->execute(NULL)
#4 C:\wamp64\www\projetSIO\vendor\cakephp\cakephp\src\Database\Connection.php(315): Cake\Database\Statement\SqliteStatement->execute()
#5 C:\wamp64\www\projetSIO\vendor\cakephp\cakephp\src\Database\Query.php(214): Cake\Database\Connection->run(Object(Cake\ORM\Query))
#6 C:\wamp64\www\projetSIO\vendor\cakephp\cakephp\src\ORM\Table.php(1929): Cake\Database\Query->execute()
#7 C:\wamp64\www\projetSIO\vendor\cakephp\cakephp\src\ORM\Table.php(1823): Cake\ORM\Table->_insert(Object(DebugKit\Model\Entity\Request), Array)
#8 C:\wamp64\www\projetSIO\vendor\cakephp\cakephp\src\ORM\Table.php(1736): Cake\ORM\Table->_processSave(Object(DebugKit\Model\Entity\Request), Object(ArrayObject))
#9 C:\wamp64\www\projetSIO\vendor\cakephp\cakephp\src\ORM\Table.php(1459): Cake\ORM\Table->Cake\ORM\{closure}()
#10 C:\wamp64\www\projetSIO\vendor\cakephp\cakephp\src\Database\Connection.php(682): Cake\ORM\Table->Cake\ORM\{closure}(Object(Cake\Database\Connection))
#11 C:\wamp64\www\projetSIO\vendor\cakephp\cakephp\src\ORM\Table.php(1460): Cake\Database\Connection->transactional(Object(Closure))
#12 C:\wamp64\www\projetSIO\vendor\cakephp\cakephp\src\ORM\Table.php(1737): Cake\ORM\Table->_executeTransaction(Object(Closure), true)
#13 C:\wamp64\www\projetSIO\vendor\cakephp\debug_kit\src\ToolbarService.php(206): Cake\ORM\Table->save(Object(DebugKit\Model\Entity\Request))
#14 C:\wamp64\www\projetSIO\vendor\cakephp\debug_kit\src\Middleware\DebugKitMiddleware.php(53): DebugKit\ToolbarService->saveData(Object(Cake\Http\ServerRequest), Object(Cake\Http\Response))
#15 C:\wamp64\www\projetSIO\vendor\cakephp\cakephp\src\Http\Runner.php(65): DebugKit\Middleware\DebugKitMiddleware->__invoke(Object(Cake\Http\ServerRequest), Object(Cake\Http\Response), Object(Cake\Http\Runner))
#16 C:\wamp64\www\projetSIO\vendor\cakephp\cakephp\src\Http\Runner.php(51): Cake\Http\Runner->__invoke(Object(Cake\Http\ServerRequest), Object(Cake\Http\Response))
#17 C:\wamp64\www\projetSIO\vendor\cakephp\cakephp\src\Http\Server.php(81): Cake\Http\Runner->run(Object(Cake\Http\MiddlewareQueue), Object(Cake\Http\ServerRequest), Object(Cake\Http\Response))
#18 C:\wamp64\www\projetSIO\webroot\index.php(40): Cake\Http\Server->run()
#19 {main}


2018-02-27 11:24:57 Error: [PDOException] SQLSTATE[HY000]: General error: 11 database disk image is malformed in C:\wamp64\www\projetSIO\vendor\cakephp\cakephp\src\Database\Statement\StatementDecorator.php on line 174
Request URL: /
Stack Trace:
#0 C:\wamp64\www\projetSIO\vendor\cakephp\cakephp\src\Database\Statement\StatementDecorator.php(174): PDOStatement->execute(NULL)
#1 C:\wamp64\www\projetSIO\vendor\cakephp\cakephp\src\Database\Statement\StatementDecorator.php(174): Cake\Database\Statement\StatementDecorator->execute(NULL)
#2 C:\wamp64\www\projetSIO\vendor\cakephp\cakephp\src\Database\Statement\BufferedStatement.php(76): Cake\Database\Statement\StatementDecorator->execute(NULL)
#3 C:\wamp64\www\projetSIO\vendor\cakephp\cakephp\src\Database\Statement\SqliteStatement.php(41): Cake\Database\Statement\BufferedStatement->execute(NULL)
#4 C:\wamp64\www\projetSIO\vendor\cakephp\cakephp\src\Database\Connection.php(315): Cake\Database\Statement\SqliteStatement->execute()
#5 C:\wamp64\www\projetSIO\vendor\cakephp\cakephp\src\Database\Query.php(214): Cake\Database\Connection->run(Object(Cake\ORM\Query))
#6 C:\wamp64\www\projetSIO\vendor\cakephp\cakephp\src\ORM\Table.php(1929): Cake\Database\Query->execute()
#7 C:\wamp64\www\projetSIO\vendor\cakephp\cakephp\src\ORM\Table.php(1823): Cake\ORM\Table->_insert(Object(DebugKit\Model\Entity\Request), Array)
#8 C:\wamp64\www\projetSIO\vendor\cakephp\cakephp\src\ORM\Table.php(1736): Cake\ORM\Table->_processSave(Object(DebugKit\Model\Entity\Request), Object(ArrayObject))
#9 C:\wamp64\www\projetSIO\vendor\cakephp\cakephp\src\ORM\Table.php(1459): Cake\ORM\Table->Cake\ORM\{closure}()
#10 C:\wamp64\www\projetSIO\vendor\cakephp\cakephp\src\Database\Connection.php(682): Cake\ORM\Table->Cake\ORM\{closure}(Object(Cake\Database\Connection))
#11 C:\wamp64\www\projetSIO\vendor\cakephp\cakephp\src\ORM\Table.php(1460): Cake\Database\Connection->transactional(Object(Closure))
#12 C:\wamp64\www\projetSIO\vendor\cakephp\cakephp\src\ORM\Table.php(1737): Cake\ORM\Table->_executeTransaction(Object(Closure), true)
#13 C:\wamp64\www\projetSIO\vendor\cakephp\debug_kit\src\ToolbarService.php(206): Cake\ORM\Table->save(Object(DebugKit\Model\Entity\Request))
#14 C:\wamp64\www\projetSIO\vendor\cakephp\debug_kit\src\Middleware\DebugKitMiddleware.php(53): DebugKit\ToolbarService->saveData(Object(Cake\Http\ServerRequest), Object(Cake\Http\Response))
#15 C:\wamp64\www\projetSIO\vendor\cakephp\cakephp\src\Http\Runner.php(65): DebugKit\Middleware\DebugKitMiddleware->__invoke(Object(Cake\Http\ServerRequest), Object(Cake\Http\Response), Object(Cake\Http\Runner))
#16 C:\wamp64\www\projetSIO\vendor\cakephp\cakephp\src\Http\Runner.php(51): Cake\Http\Runner->__invoke(Object(Cake\Http\ServerRequest), Object(Cake\Http\Response))
#17 C:\wamp64\www\projetSIO\vendor\cakephp\cakephp\src\Http\Server.php(81): Cake\Http\Runner->run(Object(Cake\Http\MiddlewareQueue), Object(Cake\Http\ServerRequest), Object(Cake\Http\Response))
#18 C:\wamp64\www\projetSIO\webroot\index.php(40): Cake\Http\Server->run()
#19 {main}


2018-02-27 12:48:55 Error: [Cake\Routing\Exception\MissingControllerException] Controller class Classes could not be found.
Exception Attributes: array (
  'class' => 'Classes',
  'plugin' => false,
  'prefix' => false,
  '_ext' => false,
)
Request URL: /classes
Referer URL: http://localhost:8765/modules
Stack Trace:
#0 C:\wamp64\www\projetSIO\vendor\cakephp\cakephp\src\Http\ControllerFactory.php(38): Cake\Http\ControllerFactory->missingController(Object(Cake\Http\ServerRequest))
#1 C:\wamp64\www\projetSIO\vendor\cakephp\cakephp\src\Http\ActionDispatcher.php(90): Cake\Http\ControllerFactory->create(Object(Cake\Http\ServerRequest), Object(Cake\Http\Response))
#2 C:\wamp64\www\projetSIO\vendor\cakephp\cakephp\src\Http\BaseApplication.php(108): Cake\Http\ActionDispatcher->dispatch(Object(Cake\Http\ServerRequest), Object(Cake\Http\Response))
#3 C:\wamp64\www\projetSIO\vendor\cakephp\cakephp\src\Http\Runner.php(65): Cake\Http\BaseApplication->__invoke(Object(Cake\Http\ServerRequest), Object(Cake\Http\Response), Object(Cake\Http\Runner))
#4 C:\wamp64\www\projetSIO\vendor\cakephp\cakephp\src\Routing\Middleware\RoutingMiddleware.php(104): Cake\Http\Runner->__invoke(Object(Cake\Http\ServerRequest), Object(Cake\Http\Response))
#5 C:\wamp64\www\projetSIO\vendor\cakephp\cakephp\src\Http\Runner.php(65): Cake\Routing\Middleware\RoutingMiddleware->__invoke(Object(Cake\Http\ServerRequest), Object(Cake\Http\Response), Object(Cake\Http\Runner))
#6 C:\wamp64\www\projetSIO\vendor\cakephp\cakephp\src\Routing\Middleware\AssetMiddleware.php(88): Cake\Http\Runner->__invoke(Object(Cake\Http\ServerRequest), Object(Cake\Http\Response))
#7 C:\wamp64\www\projetSIO\vendor\cakephp\cakephp\src\Http\Runner.php(65): Cake\Routing\Middleware\AssetMiddleware->__invoke(Object(Cake\Http\ServerRequest), Object(Cake\Http\Response), Object(Cake\Http\Runner))
#8 C:\wamp64\www\projetSIO\vendor\cakephp\cakephp\src\Error\Middleware\ErrorHandlerMiddleware.php(98): Cake\Http\Runner->__invoke(Object(Cake\Http\ServerRequest), Object(Cake\Http\Response))
#9 C:\wamp64\www\projetSIO\vendor\cakephp\cakephp\src\Http\Runner.php(65): Cake\Error\Middleware\ErrorHandlerMiddleware->__invoke(Object(Cake\Http\ServerRequest), Object(Cake\Http\Response), Object(Cake\Http\Runner))
#10 C:\wamp64\www\projetSIO\vendor\cakephp\debug_kit\src\Middleware\DebugKitMiddleware.php(52): Cake\Http\Runner->__invoke(Object(Cake\Http\ServerRequest), Object(Cake\Http\Response))
#11 C:\wamp64\www\projetSIO\vendor\cakephp\cakephp\src\Http\Runner.php(65): DebugKit\Middleware\DebugKitMiddleware->__invoke(Object(Cake\Http\ServerRequest), Object(Cake\Http\Response), Object(Cake\Http\Runner))
#12 C:\wamp64\www\projetSIO\vendor\cakephp\cakephp\src\Http\Runner.php(51): Cake\Http\Runner->__invoke(Object(Cake\Http\ServerRequest), Object(Cake\Http\Response))
#13 C:\wamp64\www\projetSIO\vendor\cakephp\cakephp\src\Http\Server.php(81): Cake\Http\Runner->run(Object(Cake\Http\MiddlewareQueue), Object(Cake\Http\ServerRequest), Object(Cake\Http\Response))
#14 C:\wamp64\www\projetSIO\webroot\index.php(40): Cake\Http\Server->run()
#15 {main}


2018-02-27 12:49:35 Error: [Cake\Routing\Exception\MissingControllerException] Controller class Classes could not be found.
Exception Attributes: array (
  'class' => 'Classes',
  'plugin' => false,
  'prefix' => false,
  '_ext' => false,
)
Request URL: /classes
Referer URL: http://localhost:8765/modules
Stack Trace:
#0 C:\wamp64\www\projetSIO\vendor\cakephp\cakephp\src\Http\ControllerFactory.php(38): Cake\Http\ControllerFactory->missingController(Object(Cake\Http\ServerRequest))
#1 C:\wamp64\www\projetSIO\vendor\cakephp\cakephp\src\Http\ActionDispatcher.php(90): Cake\Http\ControllerFactory->create(Object(Cake\Http\ServerRequest), Object(Cake\Http\Response))
#2 C:\wamp64\www\projetSIO\vendor\cakephp\cakephp\src\Http\BaseApplication.php(108): Cake\Http\ActionDispatcher->dispatch(Object(Cake\Http\ServerRequest), Object(Cake\Http\Response))
#3 C:\wamp64\www\projetSIO\vendor\cakephp\cakephp\src\Http\Runner.php(65): Cake\Http\BaseApplication->__invoke(Object(Cake\Http\ServerRequest), Object(Cake\Http\Response), Object(Cake\Http\Runner))
#4 C:\wamp64\www\projetSIO\vendor\cakephp\cakephp\src\Routing\Middleware\RoutingMiddleware.php(104): Cake\Http\Runner->__invoke(Object(Cake\Http\ServerRequest), Object(Cake\Http\Response))
#5 C:\wamp64\www\projetSIO\vendor\cakephp\cakephp\src\Http\Runner.php(65): Cake\Routing\Middleware\RoutingMiddleware->__invoke(Object(Cake\Http\ServerRequest), Object(Cake\Http\Response), Object(Cake\Http\Runner))
#6 C:\wamp64\www\projetSIO\vendor\cakephp\cakephp\src\Routing\Middleware\AssetMiddleware.php(88): Cake\Http\Runner->__invoke(Object(Cake\Http\ServerRequest), Object(Cake\Http\Response))
#7 C:\wamp64\www\projetSIO\vendor\cakephp\cakephp\src\Http\Runner.php(65): Cake\Routing\Middleware\AssetMiddleware->__invoke(Object(Cake\Http\ServerRequest), Object(Cake\Http\Response), Object(Cake\Http\Runner))
#8 C:\wamp64\www\projetSIO\vendor\cakephp\cakephp\src\Error\Middleware\ErrorHandlerMiddleware.php(98): Cake\Http\Runner->__invoke(Object(Cake\Http\ServerRequest), Object(Cake\Http\Response))
#9 C:\wamp64\www\projetSIO\vendor\cakephp\cakephp\src\Http\Runner.php(65): Cake\Error\Middleware\ErrorHandlerMiddleware->__invoke(Object(Cake\Http\ServerRequest), Object(Cake\Http\Response), Object(Cake\Http\Runner))
#10 C:\wamp64\www\projetSIO\vendor\cakephp\debug_kit\src\Middleware\DebugKitMiddleware.php(52): Cake\Http\Runner->__invoke(Object(Cake\Http\ServerRequest), Object(Cake\Http\Response))
#11 C:\wamp64\www\projetSIO\vendor\cakephp\cakephp\src\Http\Runner.php(65): DebugKit\Middleware\DebugKitMiddleware->__invoke(Object(Cake\Http\ServerRequest), Object(Cake\Http\Response), Object(Cake\Http\Runner))
#12 C:\wamp64\www\projetSIO\vendor\cakephp\cakephp\src\Http\Runner.php(51): Cake\Http\Runner->__invoke(Object(Cake\Http\ServerRequest), Object(Cake\Http\Response))
#13 C:\wamp64\www\projetSIO\vendor\cakephp\cakephp\src\Http\Server.php(81): Cake\Http\Runner->run(Object(Cake\Http\MiddlewareQueue), Object(Cake\Http\ServerRequest), Object(Cake\Http\Response))
#14 C:\wamp64\www\projetSIO\webroot\index.php(40): Cake\Http\Server->run()
#15 {main}


